#
# A fatal error has been detected by the Java Runtime Environment:
#
#  Internal Error (javaCalls.cpp:51), pid=10064, tid=0x00000000000059c4
#  guarantee(thread->is_Java_thread()) failed: crucial check - the VM thread cannot and must not escape to Java code
#
# JRE version: Java(TM) SE Runtime Environment (8.0_301-b09) (build 1.8.0_301-b09)
# Java VM: Java HotSpot(TM) 64-Bit Server VM (25.301-b09 mixed mode windows-amd64 compressed oops)
# Failed to write core dump. Minidumps are not enabled by default on client versions of Windows
#
# If you would like to submit a bug report, please visit:
#   http://bugreport.java.com/bugreport/crash.jsp
#

---------------  T H R E A D  ---------------

Current thread (0x000002e864f56000):  VMThread [stack: 0x000000f3e6b00000,0x000000f3e6c00000] [id=22980]

Stack: [0x000000f3e6b00000,0x000000f3e6c00000]
Native frames: (J=compiled Java code, j=interpreted, Vv=VM code, C=native code)
V  [jvm.dll+0x32ed79]
V  [jvm.dll+0x275722]
V  [jvm.dll+0x2763cd]
V  [jvm.dll+0x26cd87]
V  [jvm.dll+0x20af8d]
V  [jvm.dll+0x20b5d7]
V  [jvm.dll+0x32ec92]
V  [jvm.dll+0x20bc01]
V  [jvm.dll+0x26dfd5]
V  [jvm.dll+0x26e21d]
V  [jvm.dll+0x26e369]
V  [jvm.dll+0x10b0a8]
V  [jvm.dll+0x1074c6]
V  [jvm.dll+0x10687b]
V  [jvm.dll+0x105b3a]
V  [jvm.dll+0xcd46b]
V  [jvm.dll+0xce014]
V  [jvm.dll+0x112944]
V  [jvm.dll+0x135c40]
V  [jvm.dll+0x1b9111]
V  [jvm.dll+0x245b57]
V  [jvm.dll+0x2442c5]
V  [jvm.dll+0x244a3c]
V  [jvm.dll+0x244d4c]
V  [jvm.dll+0x2923dc]
C  [ucrtbase.dll+0x21bb2]
C  [KERNEL32.DLL+0x17034]
C  [ntdll.dll+0x52651]

VM_Operation (0x000000f3e70ff620): GetOrSetLocal, mode: safepoint, requested by thread 0x000002e864fc9800


---------------  P R O C E S S  ---------------

Java Threads: ( => current thread )
  0x000002e8681ff800 JavaThread "Okio Watchdog" daemon [_thread_blocked, id=316, stack(0x000000f3e8700000,0x000000f3e8800000)]
  0x000002e868202800 JavaThread "OkHttp ConnectionPool" daemon [_thread_blocked, id=17616, stack(0x000000f3e8600000,0x000000f3e8700000)]
  0x000002e868202000 JavaThread "Exec Stream Pumper" daemon [_thread_in_native, id=23976, stack(0x000000f3e8400000,0x000000f3e8500000)]
  0x000002e86754f800 JavaThread "Exec Stream Pumper" daemon [_thread_in_native, id=9424, stack(0x000000f3e8300000,0x000000f3e8400000)]
  0x000002e86754e800 JavaThread "Exec Default Executor" daemon [_thread_in_native, id=19080, stack(0x000000f3e8100000,0x000000f3e8200000)]
  0x000002e8682af800 JavaThread "ReaderThread" [_thread_in_native, id=4840, stack(0x000000f3e7a00000,0x000000f3e7b00000)]
  0x000002e867180800 JavaThread "Service Thread" daemon [_thread_blocked, id=24000, stack(0x000000f3e7700000,0x000000f3e7800000)]
  0x000002e864ff7000 JavaThread "C1 CompilerThread3" daemon [_thread_blocked, id=11568, stack(0x000000f3e7600000,0x000000f3e7700000)]
  0x000002e864ff5800 JavaThread "C2 CompilerThread2" daemon [_thread_blocked, id=7664, stack(0x000000f3e7500000,0x000000f3e7600000)]
  0x000002e864ff4800 JavaThread "C2 CompilerThread1" daemon [_thread_blocked, id=22532, stack(0x000000f3e7400000,0x000000f3e7500000)]
  0x000002e864fea000 JavaThread "C2 CompilerThread0" daemon [_thread_blocked, id=8508, stack(0x000000f3e7300000,0x000000f3e7400000)]
  0x000002e864fd1800 JavaThread "JDWP Command Reader" daemon [_thread_in_native, id=17188, stack(0x000000f3e7200000,0x000000f3e7300000)]
  0x000002e864fd0800 JavaThread "JDWP Event Helper Thread" daemon [_thread_blocked, id=17764, stack(0x000000f3e7100000,0x000000f3e7200000)]
  0x000002e864fc9800 JavaThread "JDWP Transport Listener: dt_socket" daemon [_thread_blocked, id=6124, stack(0x000000f3e7000000,0x000000f3e7100000)]
  0x000002e864fa3000 JavaThread "Attach Listener" daemon [_thread_blocked, id=8584, stack(0x000000f3e6f00000,0x000000f3e7000000)]
  0x000002e864fa2000 JavaThread "Signal Dispatcher" daemon [_thread_blocked, id=24452, stack(0x000000f3e6e00000,0x000000f3e6f00000)]
  0x000002e864f88800 JavaThread "Finalizer" daemon [_thread_blocked, id=23416, stack(0x000000f3e6d00000,0x000000f3e6e00000)]
  0x000002e864f5f800 JavaThread "Reference Handler" daemon [_thread_blocked, id=17664, stack(0x000000f3e6c00000,0x000000f3e6d00000)]
  0x000002e84f08e000 JavaThread "main" [_thread_blocked, id=18164, stack(0x000000f3e6200000,0x000000f3e6300000)]

Other Threads:
=>0x000002e864f56000 VMThread [stack: 0x000000f3e6b00000,0x000000f3e6c00000] [id=22980]
  0x000002e8671d4800 WatcherThread [stack: 0x000000f3e7800000,0x000000f3e7900000] [id=19240]

VM state:at safepoint (normal execution)

VM Mutex/Monitor currently owned by a thread:  ([mutex/lock_event])
[0x000002e84f08a1e0] Threads_lock - owner thread: 0x000002e864f56000

heap address: 0x0000000084a00000, size: 1974 MB, Compressed Oops mode: 32-bit
Narrow klass base: 0x0000000000000000, Narrow klass shift: 3
Compressed class space size: 1073741824 Address: 0x0000000100000000

Heap:
 PSYoungGen      total 64512K, used 15546K [0x00000000d6e00000, 0x00000000db900000, 0x0000000100000000)
  eden space 55296K, 19% used [0x00000000d6e00000,0x00000000d78c08a8,0x00000000da400000)
  from space 9216K, 49% used [0x00000000db000000,0x00000000db46e098,0x00000000db900000)
  to   space 10752K, 0% used [0x00000000da400000,0x00000000da400000,0x00000000dae80000)
 ParOldGen       total 51200K, used 7615K [0x0000000084a00000, 0x0000000087c00000, 0x00000000d6e00000)
  object space 51200K, 14% used [0x0000000084a00000,0x000000008516fea8,0x0000000087c00000)
 Metaspace       used 26682K, capacity 27878K, committed 28032K, reserved 1073152K
  class space    used 3371K, capacity 3693K, committed 3712K, reserved 1048576K

Card table byte_map: [0x000002e85fce0000,0x000002e8600c0000] byte_map_base: 0x000002e85f8bb000

Marking Bits: (ParMarkBitMap*) 0x0000000057737fe0
 Begin Bits: [0x000002e860360000, 0x000002e862238000)
 End Bits:   [0x000002e862238000, 0x000002e864110000)

Polling page: 0x000002e84f2d0000

CodeCache: size=245760Kb used=9741Kb max_used=9762Kb free=236018Kb
 bounds [0x000002e850920000, 0x000002e8512c0000, 0x000002e85f920000]
 total_blobs=3222 nmethods=2764 adapters=378
 compilation: enabled

Compilation events (10 events):
Event: 15.404 Thread 0x000002e864ff7000 nmethod 2776 0x000002e850a80a50 code [0x000002e850a80ba0, 0x000002e850a80cb8]
Event: 15.404 Thread 0x000002e864ff7000 2779       1       org.testng.internal.Arguments::getTestMethod (5 bytes)
Event: 15.404 Thread 0x000002e864ff7000 nmethod 2779 0x000002e850a46090 code [0x000002e850a461e0, 0x000002e850a462f8]
Event: 15.404 Thread 0x000002e864ff5800 2780   !   4       java.lang.ClassLoader::loadClass (122 bytes)
Event: 15.408 Thread 0x000002e864ff4800 nmethod 2767 0x000002e8512a7c10 code [0x000002e8512a7de0, 0x000002e8512a96e8]
Event: 15.505 Thread 0x000002e864ff5800 nmethod 2780 0x000002e8512af810 code [0x000002e8512afbc0, 0x000002e8512b2c68]
Event: 113.023 Thread 0x000002e864ff7000 2781       3       org.apache.poi.xssf.usermodel.XSSFSheet::getWorkbook (8 bytes)
Event: 113.023 Thread 0x000002e864ff7000 nmethod 2781 0x000002e850a2db90 code [0x000002e850a2dd00, 0x000002e850a2dfd8]
Event: 113.024 Thread 0x000002e864ff7000 2782       3       java.nio.Buffer::hasRemaining (17 bytes)
Event: 113.024 Thread 0x000002e864ff7000 nmethod 2782 0x000002e850a2f450 code [0x000002e850a2f5a0, 0x000002e850a2f758]

GC Heap History (10 events):
Event: 9.340 GC heap before
{Heap before GC invocations=3 (full 0):
 PSYoungGen      total 36864K, used 36832K [0x00000000d6e00000, 0x00000000d9700000, 0x0000000100000000)
  eden space 31744K, 100% used [0x00000000d6e00000,0x00000000d8d00000,0x00000000d8d00000)
  from space 5120K, 99% used [0x00000000d9200000,0x00000000d96f80a0,0x00000000d9700000)
  to   space 5120K, 0% used [0x00000000d8d00000,0x00000000d8d00000,0x00000000d9200000)
 ParOldGen       total 84992K, used 3077K [0x0000000084a00000, 0x0000000089d00000, 0x00000000d6e00000)
  object space 84992K, 3% used [0x0000000084a00000,0x0000000084d015d8,0x0000000089d00000)
 Metaspace       used 20024K, capacity 20844K, committed 20992K, reserved 1067008K
  class space    used 2494K, capacity 2724K, committed 2816K, reserved 1048576K
Event: 9.353 GC heap after
Heap after GC invocations=3 (full 0):
 PSYoungGen      total 36864K, used 5088K [0x00000000d6e00000, 0x00000000d9700000, 0x0000000100000000)
  eden space 31744K, 0% used [0x00000000d6e00000,0x00000000d6e00000,0x00000000d8d00000)
  from space 5120K, 99% used [0x00000000d8d00000,0x00000000d91f80c0,0x00000000d9200000)
  to   space 5120K, 0% used [0x00000000d9200000,0x00000000d9200000,0x00000000d9700000)
 ParOldGen       total 84992K, used 7747K [0x0000000084a00000, 0x0000000089d00000, 0x00000000d6e00000)
  object space 84992K, 9% used [0x0000000084a00000,0x0000000085190ca8,0x0000000089d00000)
 Metaspace       used 20024K, capacity 20844K, committed 20992K, reserved 1067008K
  class space    used 2494K, capacity 2724K, committed 2816K, reserved 1048576K
}
Event: 9.401 GC heap before
{Heap before GC invocations=4 (full 0):
 PSYoungGen      total 36864K, used 7491K [0x00000000d6e00000, 0x00000000d9700000, 0x0000000100000000)
  eden space 31744K, 7% used [0x00000000d6e00000,0x00000000d7058d50,0x00000000d8d00000)
  from space 5120K, 99% used [0x00000000d8d00000,0x00000000d91f80c0,0x00000000d9200000)
  to   space 5120K, 0% used [0x00000000d9200000,0x00000000d9200000,0x00000000d9700000)
 ParOldGen       total 84992K, used 7747K [0x0000000084a00000, 0x0000000089d00000, 0x00000000d6e00000)
  object space 84992K, 9% used [0x0000000084a00000,0x0000000085190ca8,0x0000000089d00000)
 Metaspace       used 20326K, capacity 21164K, committed 21248K, reserved 1067008K
  class space    used 2521K, capacity 2788K, committed 2816K, reserved 1048576K
Event: 9.407 GC heap after
Heap after GC invocations=4 (full 0):
 PSYoungGen      total 36864K, used 5104K [0x00000000d6e00000, 0x00000000db600000, 0x0000000100000000)
  eden space 31744K, 0% used [0x00000000d6e00000,0x00000000d6e00000,0x00000000d8d00000)
  from space 5120K, 99% used [0x00000000d9200000,0x00000000d96fc0d0,0x00000000d9700000)
  to   space 5120K, 0% used [0x00000000d8d00000,0x00000000d8d00000,0x00000000d9200000)
 ParOldGen       total 84992K, used 8080K [0x0000000084a00000, 0x0000000089d00000, 0x00000000d6e00000)
  object space 84992K, 9% used [0x0000000084a00000,0x00000000851e4030,0x0000000089d00000)
 Metaspace       used 20326K, capacity 21164K, committed 21248K, reserved 1067008K
  class space    used 2521K, capacity 2788K, committed 2816K, reserved 1048576K
}
Event: 9.407 GC heap before
{Heap before GC invocations=5 (full 1):
 PSYoungGen      total 36864K, used 5104K [0x00000000d6e00000, 0x00000000db600000, 0x0000000100000000)
  eden space 31744K, 0% used [0x00000000d6e00000,0x00000000d6e00000,0x00000000d8d00000)
  from space 5120K, 99% used [0x00000000d9200000,0x00000000d96fc0d0,0x00000000d9700000)
  to   space 5120K, 0% used [0x00000000d8d00000,0x00000000d8d00000,0x00000000d9200000)
 ParOldGen       total 84992K, used 8080K [0x0000000084a00000, 0x0000000089d00000, 0x00000000d6e00000)
  object space 84992K, 9% used [0x0000000084a00000,0x00000000851e4030,0x0000000089d00000)
 Metaspace       used 20326K, capacity 21164K, committed 21248K, reserved 1067008K
  class space    used 2521K, capacity 2788K, committed 2816K, reserved 1048576K
Event: 9.468 GC heap after
Heap after GC invocations=5 (full 1):
 PSYoungGen      total 36864K, used 0K [0x00000000d6e00000, 0x00000000db600000, 0x0000000100000000)
  eden space 31744K, 0% used [0x00000000d6e00000,0x00000000d6e00000,0x00000000d8d00000)
  from space 5120K, 0% used [0x00000000d9200000,0x00000000d9200000,0x00000000d9700000)
  to   space 5120K, 0% used [0x00000000d8d00000,0x00000000d8d00000,0x00000000d9200000)
 ParOldGen       total 51200K, used 7177K [0x0000000084a00000, 0x0000000087c00000, 0x00000000d6e00000)
  object space 51200K, 14% used [0x0000000084a00000,0x0000000085102480,0x0000000087c00000)
 Metaspace       used 20326K, capacity 21164K, committed 21248K, reserved 1067008K
  class space    used 2521K, capacity 2788K, committed 2816K, reserved 1048576K
}
Event: 10.339 GC heap before
{Heap before GC invocations=6 (full 1):
 PSYoungGen      total 36864K, used 31744K [0x00000000d6e00000, 0x00000000db600000, 0x0000000100000000)
  eden space 31744K, 100% used [0x00000000d6e00000,0x00000000d8d00000,0x00000000d8d00000)
  from space 5120K, 0% used [0x00000000d9200000,0x00000000d9200000,0x00000000d9700000)
  to   space 5120K, 0% used [0x00000000d8d00000,0x00000000d8d00000,0x00000000d9200000)
 ParOldGen       total 51200K, used 7177K [0x0000000084a00000, 0x0000000087c00000, 0x00000000d6e00000)
  object space 51200K, 14% used [0x0000000084a00000,0x0000000085102480,0x0000000087c00000)
 Metaspace       used 24947K, capacity 26022K, committed 26368K, reserved 1073152K
  class space    used 3161K, capacity 3483K, committed 3584K, reserved 1048576K
Event: 10.344 GC heap after
Heap after GC invocations=6 (full 1):
 PSYoungGen      total 36864K, used 5088K [0x00000000d6e00000, 0x00000000dba80000, 0x0000000100000000)
  eden space 31744K, 0% used [0x00000000d6e00000,0x00000000d6e00000,0x00000000d8d00000)
  from space 5120K, 99% used [0x00000000d8d00000,0x00000000d91f8178,0x00000000d9200000)
  to   space 10752K, 0% used [0x00000000db000000,0x00000000db000000,0x00000000dba80000)
 ParOldGen       total 51200K, used 7607K [0x0000000084a00000, 0x0000000087c00000, 0x00000000d6e00000)
  object space 51200K, 14% used [0x0000000084a00000,0x000000008516dea8,0x0000000087c00000)
 Metaspace       used 24947K, capacity 26022K, committed 26368K, reserved 1073152K
  class space    used 3161K, capacity 3483K, committed 3584K, reserved 1048576K
}
Event: 15.352 GC heap before
{Heap before GC invocations=7 (full 1):
 PSYoungGen      total 36864K, used 36777K [0x00000000d6e00000, 0x00000000dba80000, 0x0000000100000000)
  eden space 31744K, 99% used [0x00000000d6e00000,0x00000000d8cf2640,0x00000000d8d00000)
  from space 5120K, 99% used [0x00000000d8d00000,0x00000000d91f8178,0x00000000d9200000)
  to   space 10752K, 0% used [0x00000000db000000,0x00000000db000000,0x00000000dba80000)
 ParOldGen       total 51200K, used 7607K [0x0000000084a00000, 0x0000000087c00000, 0x00000000d6e00000)
  object space 51200K, 14% used [0x0000000084a00000,0x000000008516dea8,0x0000000087c00000)
 Metaspace       used 26476K, capacity 27656K, committed 27776K, reserved 1073152K
  class space    used 3341K, capacity 3682K, committed 3712K, reserved 1048576K
Event: 15.358 GC heap after
Heap after GC invocations=7 (full 1):
 PSYoungGen      total 64512K, used 4536K [0x00000000d6e00000, 0x00000000db900000, 0x0000000100000000)
  eden space 55296K, 0% used [0x00000000d6e00000,0x00000000d6e00000,0x00000000da400000)
  from space 9216K, 49% used [0x00000000db000000,0x00000000db46e098,0x00000000db900000)
  to   space 10752K, 0% used [0x00000000da400000,0x00000000da400000,0x00000000dae80000)
 ParOldGen       total 51200K, used 7615K [0x0000000084a00000, 0x0000000087c00000, 0x00000000d6e00000)
  object space 51200K, 14% used [0x0000000084a00000,0x000000008516fea8,0x0000000087c00000)
 Metaspace       used 26476K, capacity 27656K, committed 27776K, reserved 1073152K
  class space    used 3341K, capacity 3682K, committed 3712K, reserved 1048576K
}

Deoptimization events (10 events):
Event: 10.577 Thread 0x000002e84f08e000 Uncommon trap: reason=class_check action=maybe_recompile pc=0x000002e85103f008 method=java.io.FilterInputStream.read()I @ 4
Event: 10.577 Thread 0x000002e84f08e000 Uncommon trap: reason=class_check action=maybe_recompile pc=0x000002e85103f008 method=java.io.FilterInputStream.read()I @ 4
Event: 10.577 Thread 0x000002e84f08e000 Uncommon trap: reason=class_check action=maybe_recompile pc=0x000002e85103f008 method=java.io.FilterInputStream.read()I @ 4
Event: 10.577 Thread 0x000002e84f08e000 Uncommon trap: reason=class_check action=maybe_recompile pc=0x000002e85103f008 method=java.io.FilterInputStream.read()I @ 4
Event: 10.727 Thread 0x000002e84f08e000 Uncommon trap: reason=unstable_if action=reinterpret pc=0x000002e850cc75a0 method=java.util.concurrent.ConcurrentHashMap.get(Ljava/lang/Object;)Ljava/lang/Object; @ 76
Event: 10.861 Thread 0x000002e84f08e000 Uncommon trap: reason=class_check action=maybe_recompile pc=0x000002e8511eea90 method=com.google.common.collect.RegularImmutableMap.get(Ljava/lang/Object;[Lcom/google/common/collect/ImmutableMapEntry;I)Ljava/lang/Object; @ 11
Event: 10.861 Thread 0x000002e84f08e000 Uncommon trap: reason=class_check action=maybe_recompile pc=0x000002e8511eea90 method=com.google.common.collect.RegularImmutableMap.get(Ljava/lang/Object;[Lcom/google/common/collect/ImmutableMapEntry;I)Ljava/lang/Object; @ 11
Event: 10.914 Thread 0x000002e84f08e000 Uncommon trap: reason=class_check action=maybe_recompile pc=0x000002e8511eea90 method=com.google.common.collect.RegularImmutableMap.get(Ljava/lang/Object;[Lcom/google/common/collect/ImmutableMapEntry;I)Ljava/lang/Object; @ 11
Event: 10.914 Thread 0x000002e84f08e000 Uncommon trap: reason=class_check action=maybe_recompile pc=0x000002e8511eea90 method=com.google.common.collect.RegularImmutableMap.get(Ljava/lang/Object;[Lcom/google/common/collect/ImmutableMapEntry;I)Ljava/lang/Object; @ 11
Event: 15.418 Thread 0x000002e84f08e000 Uncommon trap: reason=unstable_if action=reinterpret pc=0x000002e850bfd01c method=java.lang.String.substring(II)Ljava/lang/String; @ 36

Classes redefined (3 events):
Event: 61.153 Thread 0x000002e864f56000 redefined class name=cp.pages.Applynow2, count=1
Event: 108.877 Thread 0x000002e864f56000 redefined class name=cp.pages.Applynow2, count=2
Event: 141.517 Thread 0x000002e864f56000 redefined class name=cp.pages.Applynow2, count=3

Internal exceptions (10 events):
Event: 117.139 Thread 0x000002e84f08e000 Exception <a 'java/net/SocketTimeoutException': Read timed out> (0x00000000d75d0e18) thrown at [C:\jenkins\workspace\8-2-build-windows-amd64-cygwin\jdk8u301\1513\hotspot\src\share\vm\prims\jni.cpp, line 737]
Event: 122.796 Thread 0x000002e84f08e000 Exception <a 'java/net/SocketTimeoutException': Read timed out> (0x00000000d75e4000) thrown at [C:\jenkins\workspace\8-2-build-windows-amd64-cygwin\jdk8u301\1513\hotspot\src\share\vm\prims\jni.cpp, line 737]
Event: 122.875 Thread 0x000002e84f08e000 Exception <a 'java/net/SocketTimeoutException': Read timed out> (0x00000000d7605080) thrown at [C:\jenkins\workspace\8-2-build-windows-amd64-cygwin\jdk8u301\1513\hotspot\src\share\vm\prims\jni.cpp, line 737]
Event: 123.358 Thread 0x000002e84f08e000 Exception <a 'java/net/SocketTimeoutException': Read timed out> (0x00000000d77be800) thrown at [C:\jenkins\workspace\8-2-build-windows-amd64-cygwin\jdk8u301\1513\hotspot\src\share\vm\prims\jni.cpp, line 737]
Event: 123.421 Thread 0x000002e84f08e000 Exception <a 'java/net/SocketTimeoutException': Read timed out> (0x00000000d77d1830) thrown at [C:\jenkins\workspace\8-2-build-windows-amd64-cygwin\jdk8u301\1513\hotspot\src\share\vm\prims\jni.cpp, line 737]
Event: 123.500 Thread 0x000002e84f08e000 Exception <a 'java/net/SocketTimeoutException': Read timed out> (0x00000000d77eaa78) thrown at [C:\jenkins\workspace\8-2-build-windows-amd64-cygwin\jdk8u301\1513\hotspot\src\share\vm\prims\jni.cpp, line 737]
Event: 125.524 Thread 0x000002e84f08e000 Exception <a 'java/net/SocketTimeoutException': Read timed out> (0x00000000d780c0a8) thrown at [C:\jenkins\workspace\8-2-build-windows-amd64-cygwin\jdk8u301\1513\hotspot\src\share\vm\prims\jni.cpp, line 737]
Event: 125.618 Thread 0x000002e84f08e000 Exception <a 'java/net/SocketTimeoutException': Read timed out> (0x00000000d7828558) thrown at [C:\jenkins\workspace\8-2-build-windows-amd64-cygwin\jdk8u301\1513\hotspot\src\share\vm\prims\jni.cpp, line 737]
Event: 130.894 Thread 0x000002e84f08e000 Exception <a 'java/net/SocketTimeoutException': Read timed out> (0x00000000d783b728) thrown at [C:\jenkins\workspace\8-2-build-windows-amd64-cygwin\jdk8u301\1513\hotspot\src\share\vm\prims\jni.cpp, line 737]
Event: 130.988 Thread 0x000002e84f08e000 Exception <a 'java/net/SocketTimeoutException': Read timed out> (0x00000000d78580a8) thrown at [C:\jenkins\workspace\8-2-build-windows-amd64-cygwin\jdk8u301\1513\hotspot\src\share\vm\prims\jni.cpp, line 737]

Events (10 events):
Event: 141.540 Executing VM operation: GetCurrentContendedMonitor done
Event: 141.540 Executing VM operation: GetOwnedMonitorInfo
Event: 141.540 Executing VM operation: GetOwnedMonitorInfo done
Event: 141.540 Executing VM operation: GetCurrentContendedMonitor
Event: 141.540 Executing VM operation: GetCurrentContendedMonitor done
Event: 141.540 Executing VM operation: GetCurrentContendedMonitor
Event: 141.540 Executing VM operation: GetCurrentContendedMonitor done
Event: 141.540 Executing VM operation: GetOwnedMonitorInfo
Event: 141.540 Executing VM operation: GetOwnedMonitorInfo done
Event: 141.630 Executing VM operation: GetOrSetLocal


Dynamic libraries:
0x00007ff7a9e00000 - 0x00007ff7a9e47000 	C:\Program Files\Java\jre1.8.0_301\bin\javaw.exe
0x00007ffee66b0000 - 0x00007ffee68a5000 	C:\Windows\SYSTEM32\ntdll.dll
0x00007ffee4cf0000 - 0x00007ffee4dae000 	C:\Windows\System32\KERNEL32.DLL
0x00007ffee40f0000 - 0x00007ffee43b8000 	C:\Windows\System32\KERNELBASE.dll
0x00007ffee5d30000 - 0x00007ffee5dde000 	C:\Windows\System32\ADVAPI32.dll
0x00007ffee5f80000 - 0x00007ffee601e000 	C:\Windows\System32\msvcrt.dll
0x00007ffee5e60000 - 0x00007ffee5efc000 	C:\Windows\System32\sechost.dll
0x00007ffee4860000 - 0x00007ffee4985000 	C:\Windows\System32\RPCRT4.dll
0x00007ffee4db0000 - 0x00007ffee4f51000 	C:\Windows\System32\USER32.dll
0x00007ffee4560000 - 0x00007ffee4582000 	C:\Windows\System32\win32u.dll
0x00007ffee4f60000 - 0x00007ffee4f8b000 	C:\Windows\System32\GDI32.dll
0x00007ffee3dc0000 - 0x00007ffee3ecd000 	C:\Windows\System32\gdi32full.dll
0x00007ffee43c0000 - 0x00007ffee445d000 	C:\Windows\System32\msvcp_win.dll
0x00007ffee4460000 - 0x00007ffee4560000 	C:\Windows\System32\ucrtbase.dll
0x00007ffec9fd0000 - 0x00007ffeca26a000 	C:\Windows\WinSxS\amd64_microsoft.windows.common-controls_6595b64144ccf1df_6.0.19041.1110_none_60b5254171f9507e\COMCTL32.dll
0x00007ffee46f0000 - 0x00007ffee4720000 	C:\Windows\System32\IMM32.DLL
0x00007ffebdee0000 - 0x00007ffebdef5000 	C:\Program Files\Java\jre1.8.0_301\bin\vcruntime140.dll
0x00007ffe8cea0000 - 0x00007ffe8cf3b000 	C:\Program Files\Java\jre1.8.0_301\bin\msvcp140.dll
0x0000000056f50000 - 0x00000000577b0000 	C:\Program Files\Java\jre1.8.0_301\bin\server\jvm.dll
0x00007ffee50a0000 - 0x00007ffee50a8000 	C:\Windows\System32\PSAPI.DLL
0x00007ffec8430000 - 0x00007ffec8457000 	C:\Windows\SYSTEM32\WINMM.dll
0x00007ffec9bd0000 - 0x00007ffec9bd9000 	C:\Windows\SYSTEM32\WSOCK32.dll
0x00007ffed0df0000 - 0x00007ffed0dfa000 	C:\Windows\SYSTEM32\VERSION.dll
0x00007ffee5df0000 - 0x00007ffee5e5b000 	C:\Windows\System32\WS2_32.dll
0x00007ffee2770000 - 0x00007ffee2782000 	C:\Windows\SYSTEM32\kernel.appcore.dll
0x00007ffecbe10000 - 0x00007ffecbe20000 	C:\Program Files\Java\jre1.8.0_301\bin\verify.dll
0x00007ffebde30000 - 0x00007ffebde5b000 	C:\Program Files\Java\jre1.8.0_301\bin\java.dll
0x00007ffea55d0000 - 0x00007ffea5606000 	C:\Program Files\Java\jre1.8.0_301\bin\jdwp.dll
0x00007ffec9180000 - 0x00007ffec9189000 	C:\Program Files\Java\jre1.8.0_301\bin\npt.dll
0x00007ffebe100000 - 0x00007ffebe118000 	C:\Program Files\Java\jre1.8.0_301\bin\zip.dll
0x00007ffee5380000 - 0x00007ffee5ac4000 	C:\Windows\System32\SHELL32.dll
0x00007ffee1e80000 - 0x00007ffee2615000 	C:\Windows\SYSTEM32\windows.storage.dll
0x00007ffee4990000 - 0x00007ffee4ce5000 	C:\Windows\System32\combase.dll
0x00007ffee3810000 - 0x00007ffee383e000 	C:\Windows\SYSTEM32\Wldp.dll
0x00007ffee5ad0000 - 0x00007ffee5b7d000 	C:\Windows\System32\SHCORE.dll
0x00007ffee5040000 - 0x00007ffee5095000 	C:\Windows\System32\shlwapi.dll
0x00007ffee3d00000 - 0x00007ffee3d1f000 	C:\Windows\SYSTEM32\profapi.dll
0x00007ffec8e30000 - 0x00007ffec8e3a000 	C:\Program Files\Java\jre1.8.0_301\bin\dt_socket.dll
0x00007ffebd830000 - 0x00007ffebd847000 	C:\Windows\system32\napinsp.dll
0x00007ffebd7e0000 - 0x00007ffebd7fb000 	C:\Windows\system32\pnrpnsp.dll
0x00007ffed9ec0000 - 0x00007ffed9ed5000 	C:\Windows\system32\wshbth.dll
0x00007ffedb5b0000 - 0x00007ffedb5cd000 	C:\Windows\system32\NLAapi.dll
0x00007ffee3210000 - 0x00007ffee324b000 	C:\Windows\SYSTEM32\IPHLPAPI.DLL
0x00007ffee3570000 - 0x00007ffee35da000 	C:\Windows\System32\mswsock.dll
0x00007ffee3260000 - 0x00007ffee332b000 	C:\Windows\SYSTEM32\DNSAPI.dll
0x00007ffee4720000 - 0x00007ffee4728000 	C:\Windows\System32\NSI.dll
0x00007ffebd700000 - 0x00007ffebd712000 	C:\Windows\System32\winrnr.dll
0x00007ffed9d30000 - 0x00007ffed9daf000 	C:\Windows\System32\fwpuclnt.dll
0x00007ffee3ed0000 - 0x00007ffee3ef7000 	C:\Windows\System32\bcrypt.dll
0x00007ffed6880000 - 0x00007ffed688a000 	C:\Windows\System32\rasadhlp.dll
0x00007ffebde10000 - 0x00007ffebde2c000 	C:\Program Files\Java\jre1.8.0_301\bin\net.dll
0x00007ffee3760000 - 0x00007ffee3778000 	C:\Windows\SYSTEM32\CRYPTSP.dll
0x00007ffee2e80000 - 0x00007ffee2eb4000 	C:\Windows\system32\rsaenh.dll
0x00007ffee3c80000 - 0x00007ffee3cae000 	C:\Windows\SYSTEM32\USERENV.dll
0x00007ffee4000000 - 0x00007ffee4082000 	C:\Windows\System32\bcryptprimitives.dll
0x00007ffee3780000 - 0x00007ffee378c000 	C:\Windows\SYSTEM32\CRYPTBASE.dll
0x00007ffed99b0000 - 0x00007ffed99c7000 	C:\Windows\SYSTEM32\dhcpcsvc6.DLL
0x00007ffed9600000 - 0x00007ffed961d000 	C:\Windows\SYSTEM32\dhcpcsvc.DLL
0x00007ffebc9c0000 - 0x00007ffebc9d3000 	C:\Program Files\Java\jre1.8.0_301\bin\nio.dll
0x00007ffeb7750000 - 0x00007ffeb7774000 	C:\Program Files\Java\jre1.8.0_301\bin\sunec.dll
0x00007ffec9980000 - 0x00007ffec998d000 	C:\Program Files\Java\jre1.8.0_301\bin\sunmscapi.dll
0x00007ffee4590000 - 0x00007ffee46e6000 	C:\Windows\System32\CRYPT32.dll
0x00007ffee3880000 - 0x00007ffee38a7000 	C:\Windows\SYSTEM32\ncrypt.dll
0x00007ffee3840000 - 0x00007ffee387b000 	C:\Windows\SYSTEM32\NTASN1.dll
0x00007ffee18b0000 - 0x00007ffee1a94000 	C:\Windows\SYSTEM32\dbghelp.dll

VM Arguments:
jvm_args: -agentlib:jdwp=transport=dt_socket,suspend=y,address=localhost:63641 -ea -Dfile.encoding=Cp1252 
java_command: org.testng.remote.RemoteTestNG -serport 63640 -protocol json -d C:\Users\brinderjeet.singh\git\customerportal\customerportal\test-output C:\Users\brinderjeet.singh\git\customerportal\customerportal\TestNG.xml
java_class_path (initial): D:\Softwares\eclipse-committers-photon-R-win32-x86_64\eclipse\configuration\org.eclipse.osgi\580\0\.cp\lib\testng-remote.jar;C:\Program Files\Java\jre1.8.0_301\lib\resources.jar;C:\Program Files\Java\jre1.8.0_301\lib\rt.jar;C:\Program Files\Java\jre1.8.0_301\lib\jsse.jar;C:\Program Files\Java\jre1.8.0_301\lib\jce.jar;C:\Program Files\Java\jre1.8.0_301\lib\charsets.jar;C:\Program Files\Java\jre1.8.0_301\lib\jfr.jar;C:\Program Files\Java\jre1.8.0_301\lib\ext\access-bridge-64.jar;C:\Program Files\Java\jre1.8.0_301\lib\ext\cldrdata.jar;C:\Program Files\Java\jre1.8.0_301\lib\ext\dnsns.jar;C:\Program Files\Java\jre1.8.0_301\lib\ext\jaccess.jar;C:\Program Files\Java\jre1.8.0_301\lib\ext\jfxrt.jar;C:\Program Files\Java\jre1.8.0_301\lib\ext\localedata.jar;C:\Program Files\Java\jre1.8.0_301\lib\ext\nashorn.jar;C:\Program Files\Java\jre1.8.0_301\lib\ext\sunec.jar;C:\Program Files\Java\jre1.8.0_301\lib\ext\sunjce_provider.jar;C:\Program Files\Java\jre1.8.0_301\lib\ext\sunmscapi.jar;C:\Program Files\Java\jre1.8.0_301\lib\ext\sunpkcs11.jar;C:\Program Files\Java\jre1.8.0_301\lib\ext\zipfs.jar;C:\Users\brinderjeet.singh\git\customerportal\customerportal\target\test-classes;C:\Users\brinderjeet.singh\git\customerportal\customerportal\target\classes;C:\Users\brinderjeet.singh\.m2\repository\org\testng\testng\7.4.0\testng-7.4.0.jar;C:\Users\brinderjeet.singh\.m2\repository\com\beust\jcommander\1.78\jcommander-1.78.jar;C:\Users\brinderjeet.singh\.m2\repository\org\webjars\jquery\3.5.1\jquery-3.5.1.jar;C:\Users\brinderjeet.singh\.m2\repository\org\seleniumhq\selenium\selenium-java\3.141.59\selenium-java-3.141.59.jar;C:\Users\brinderjeet.singh\.m2\repository\org\seleniumhq\selenium\selenium-api\3.141.59\selenium-api-3.141.59.jar;C:\Users\brinderjeet.singh\.m2\repository\org\seleniumhq\selenium\selenium-chrome-driver\3.141.59\selenium-chrome-driver-3.141.59.jar;C:\Users\brinderjeet.singh\.m2\repository\org\seleniumhq\selenium\selenium-edge-driver\3.141.59\sele
Launcher Type: SUN_STANDARD

Environment Variables:
JAVA_HOME=C:\Program Files\Java\jdk1.8.0_301
JRE_HOME=C:\Program Files\Java\jre1.8.0_301
PATH=C:/Program Files/Java/jre1.8.0_301/bin/server;C:/Program Files/Java/jre1.8.0_301/bin;C:/Program Files/Java/jre1.8.0_301/lib/amd64;C:\Program Files (x86)\Common Files\Oracle\Java\javapath;C:\Windows\system32;C:\Windows;C:\Windows\System32\Wbem;C:\Windows\System32\WindowsPowerShell\v1.0\;C:\Windows\System32\OpenSSH\;C:\Program Files\Java\jdk1.8.0_301\bin;%JRE-HOME%\bin;D:\Softwares\apache-maven-3.8.2-bin\apache-maven-3.8.2\bin;C:\Program Files\Git\cmd;C:\Program Files\nodejs\;C:\Users\brinderjeet.singh\AppData\Local\Microsoft\WindowsApps;C:\Program Files\TestProject Agent;C:\Users\brinderjeet.singh\AppData\Roaming\npm;D:\Softwares\eclipse-committers-photon-R-win32-x86_64\eclipse;
USERNAME=brinderjeet.singh
OS=Windows_NT
PROCESSOR_IDENTIFIER=Intel64 Family 6 Model 140 Stepping 1, GenuineIntel



---------------  S Y S T E M  ---------------

OS: Windows 10.0 , 64 bit Build 19041 (10.0.19041.1466)

CPU:total 8 (initial active 8) (4 cores per cpu, 2 threads per core) family 6 model 140 stepping 1, cmov, cx8, fxsr, mmx, sse, sse2, sse3, ssse3, sse4.1, sse4.2, popcnt, avx, avx2, aes, clmul, erms, 3dnowpref, lzcnt, ht, tsc, tscinvbit, bmi1, bmi2, adx

Memory: 4k page, physical 8083572k(1252052k free), swap 22763636k(4971360k free)

vm_info: Java HotSpot(TM) 64-Bit Server VM (25.301-b09) for windows-amd64 JRE (1.8.0_301-b09), built on Jun  9 2021 06:46:21 by "java_re" with MS VC++ 15.9 (VS2017)

time: Sun Mar  6 02:42:17 2022
timezone: India Standard Time
elapsed time: 141.652278 seconds (0d 0h 2m 21s)

